This is pdfTeX, Version 3.1415926-1.40.9 (MiKTeX 2.7) (preloaded format=pdflatex 2010.4.3)  7 OCT 2013 13:00
entering extended mode
**CfDA*week*3*Quiz.tex
("CfDA week 3 Quiz.tex"
LaTeX2e <2005/12/01>
Babel <v3.8l> and hyphenation patterns for english, dumylang, nohyphenation, ge
rman, ngerman, german-x-2008-06-18, ngerman-x-2008-06-18, french, loaded.
("C:\Program Files\MiKTeX 2.7\tex\latex\base\article.cls"
Document Class: article 2005/09/16 v1.4f Standard LaTeX document class
("C:\Program Files\MiKTeX 2.7\tex\latex\base\size12.clo"
File: size12.clo 2005/09/16 v1.4f Standard LaTeX file (size option)
)
\c@part=\count79
\c@section=\count80
\c@subsection=\count81
\c@subsubsection=\count82
\c@paragraph=\count83
\c@subparagraph=\count84
\c@figure=\count85
\c@table=\count86
\abovecaptionskip=\skip41
\belowcaptionskip=\skip42
\bibindent=\dimen102
)
("C:\Program Files\MiKTeX 2.7\tex\latex\ltxmisc\framed.sty"
Package: framed 2007/10/04 v 0.95: framed or shaded text with page breaks
\fb@frw=\dimen103
\fb@frh=\dimen104
\FrameRule=\dimen105
\FrameSep=\dimen106
)
("CfDA week 3 Quiz.aux")
LaTeX Font Info:    Checking defaults for OML/cmm/m/it on input line 10.
LaTeX Font Info:    ... okay on input line 10.
LaTeX Font Info:    Checking defaults for T1/cmr/m/n on input line 10.
LaTeX Font Info:    ... okay on input line 10.
LaTeX Font Info:    Checking defaults for OT1/cmr/m/n on input line 10.
LaTeX Font Info:    ... okay on input line 10.
LaTeX Font Info:    Checking defaults for OMS/cmsy/m/n on input line 10.
LaTeX Font Info:    ... okay on input line 10.
LaTeX Font Info:    Checking defaults for OMX/cmex/m/n on input line 10.
LaTeX Font Info:    ... okay on input line 10.
LaTeX Font Info:    Checking defaults for U/cmr/m/n on input line 10.
LaTeX Font Info:    ... okay on input line 10.
LaTeX Font Info:    Try loading font information for OMS+cmr on input line 18.
 ("C:\Program Files\MiKTeX 2.7\tex\latex\base\omscmr.fd"
File: omscmr.fd 1999/05/25 v2.5h Standard LaTeX font definitions
)
LaTeX Font Info:    Font shape `OMS/cmr/m/n' in size <12> not available
(Font)              Font shape `OMS/cmsy/m/n' tried instead on input line 18.
 [1

{C:/Documents and Settings/All Users/Application Data/MiKTeX/2.7/pdftex/config/
pdftex.map}] [2] [3] [4] [5] [6] ("CfDA week 3 Quiz.aux") ) 
Here is how much of TeX's memory you used:
 267 strings out of 95304
 2908 string characters out of 1183033
 50664 words of memory out of 1500000
 3542 multiletter control sequences out of 110000
 5575 words of font info for 21 fonts, out of 3000000 for 5000
 14 hyphenation exceptions out of 8191
 22i,6n,19p,187b,169s stack positions out of 5000i,500n,10000p,200000b,50000s
<C:/Program Files/Mi
KTeX 2.7/fonts/type1/bluesky/cm/cmbx12.pfb><C:/Program Files/MiKTeX 2.7/fonts/t
ype1/bluesky/cm/cmr12.pfb><C:/Program Files/MiKTeX 2.7/fonts/type1/bluesky/cm/c
msy10.pfb><C:/Program Files/MiKTeX 2.7/fonts/type1/bluesky/cm/cmtt12.pfb>
Output written on "CfDA week 3 Quiz.pdf" (6 pages, 39527 bytes).
PDF statistics:
 37 PDF objects out of 1000 (max. 8388607)
 0 named destinations out of 1000 (max. 131072)
 1 words of extra memory for PDF output out of 10000 (max. 10000000)

