This is pdfTeX, Version 3.1415926-2.5-1.40.14 (MiKTeX 2.9) (preloaded format=pdflatex 2014.8.26)  13 SEP 2014 18:16
entering extended mode
**CfDAWeek*3*Programming*rankall.tex

("C:\Users\Kevin\Documents\GitHub\DSS\DSS2\CfDA2013\CfDAWeek 3 Programming rank
all.tex"
LaTeX2e <2011/06/27>
Babel <v3.8m> and hyphenation patterns for english, afrikaans, ancientgreek, ar
abic, armenian, assamese, basque, bengali, bokmal, bulgarian, catalan, coptic, 
croatian, czech, danish, dutch, esperanto, estonian, farsi, finnish, french, ga
lician, german, german-x-2013-05-26, greek, gujarati, hindi, hungarian, iceland
ic, indonesian, interlingua, irish, italian, kannada, kurmanji, latin, latvian,
 lithuanian, malayalam, marathi, mongolian, mongolianlmc, monogreek, ngerman, n
german-x-2013-05-26, nynorsk, oriya, panjabi, pinyin, polish, portuguese, roman
ian, russian, sanskrit, serbian, slovak, slovenian, spanish, swedish, swissgerm
an, tamil, telugu, turkish, turkmen, ukenglish, ukrainian, uppersorbian, usengl
ishmax, welsh, loaded.
("C:\Program Files\Miktek\tex\latex\base\article.cls"
Document Class: article 2007/10/19 v1.4h Standard LaTeX document class
("C:\Program Files\Miktek\tex\latex\base\size10.clo"
File: size10.clo 2007/10/19 v1.4h Standard LaTeX file (size option)
)
\c@part=\count79
\c@section=\count80
\c@subsection=\count81
\c@subsubsection=\count82
\c@paragraph=\count83
\c@subparagraph=\count84
\c@figure=\count85
\c@table=\count86
\abovecaptionskip=\skip41
\belowcaptionskip=\skip42
\bibindent=\dimen102
)
("C:\Program Files\Miktek\tex\latex\framed\framed.sty"
Package: framed 2011/10/22 v 0.96: framed or shaded text with page breaks
\OuterFrameSep=\skip43
\fb@frw=\dimen103
\fb@frh=\dimen104
\FrameRule=\dimen105
\FrameSep=\dimen106
)
("C:\Users\Kevin\Documents\GitHub\DSS\DSS2\CfDA2013\CfDAWeek 3 Programming rank
all.aux")
LaTeX Font Info:    Checking defaults for OML/cmm/m/it on input line 8.
LaTeX Font Info:    ... okay on input line 8.
LaTeX Font Info:    Checking defaults for T1/cmr/m/n on input line 8.
LaTeX Font Info:    ... okay on input line 8.
LaTeX Font Info:    Checking defaults for OT1/cmr/m/n on input line 8.
LaTeX Font Info:    ... okay on input line 8.
LaTeX Font Info:    Checking defaults for OMS/cmsy/m/n on input line 8.
LaTeX Font Info:    ... okay on input line 8.
LaTeX Font Info:    Checking defaults for OMX/cmex/m/n on input line 8.
LaTeX Font Info:    ... okay on input line 8.
LaTeX Font Info:    Checking defaults for U/cmr/m/n on input line 8.
LaTeX Font Info:    ... okay on input line 8.
LaTeX Font Info:    Try loading font information for OMS+cmr on input line 15.
 ("C:\Program Files\Miktek\tex\latex\base\omscmr.fd"
File: omscmr.fd 1999/05/25 v2.5h Standard LaTeX font definitions
)
LaTeX Font Info:    Font shape `OMS/cmr/m/n' in size <10> not available
(Font)              Font shape `OMS/cmsy/m/n' tried instead on input line 15.
Missing character: There is no ‚ in font cmr10!
Missing character: There is no Ä in font cmr10!
Missing character: There is no ú in font cmr10!
Missing character: There is no ‚ in font cmr10!
Missing character: There is no Ä in font cmr10!
Missing character: There is no ù in font cmr10!
Missing character: There is no ‚ in font cmr10!
Missing character: There is no Ä in font cmr10!
Missing character: There is no ú in font cmr10!
Missing character: There is no ‚ in font cmr10!
Missing character: There is no Ä in font cmr10!
Missing character: There is no ù in font cmr10!
Missing character: There is no ‚ in font cmr10!
Missing character: There is no Ä in font cmr10!
Missing character: There is no ú in font cmr10!
Missing character: There is no ‚ in font cmr10!
Missing character: There is no Ä in font cmr10!
Missing character: There is no ù in font cmr10!
Missing character: There is no ‚ in font cmr10!
Missing character: There is no Ä in font cmr10!
Missing character: There is no ú in font cmr10!
Missing character: There is no ‚ in font cmr10!
Missing character: There is no Ä in font cmr10!
Missing character: There is no ù in font cmr10!
Missing character: There is no ‚ in font cmr10!
Missing character: There is no Ä in font cmr10!
Missing character: There is no ú in font cmr10!
Missing character: There is no ‚ in font cmr10!
Missing character: There is no Ä in font cmr10!
Missing character: There is no ù in font cmr10!
 [1

{C:/ProgramData/MiKTeX/2.9/pdftex/config/pdftex.map}]
Missing character: There is no ‚ in font cmr10!
Missing character: There is no Ä in font cmr10!
Missing character: There is no ú in font cmr10!
Missing character: There is no ‚ in font cmr10!
Missing character: There is no Ä in font cmr10!
Missing character: There is no ù in font cmr10!
Missing character: There is no ‚ in font cmr10!
Missing character: There is no Ä in font cmr10!
Missing character: There is no ú in font cmr10!
Missing character: There is no ‚ in font cmr10!
Missing character: There is no Ä in font cmr10!
Missing character: There is no ù in font cmr10!
 [2] [3] [4]
Overfull \hbox (20.29697pt too wide) in paragraph at lines 254--254
[]\OT1/cmtt/m/n/10 # [11] "Hospital.30.Day.Death..Mortality..Rates.from.Heart.A
ttack"[] 
 []


Overfull \hbox (25.54692pt too wide) in paragraph at lines 254--254
[]\OT1/cmtt/m/n/10 # [17] "Hospital.30.Day.Death..Mortality..Rates.from.Heart.F
ailure"[] 
 []


Overfull \hbox (4.5471pt too wide) in paragraph at lines 254--254
[]\OT1/cmtt/m/n/10 # [23] "Hospital.30.Day.Death..Mortality..Rates.from.Pneumon
ia"[] 
 []


Overfull \hbox (4.5471pt too wide) in paragraph at lines 254--254
[]\OT1/cmtt/m/n/10 # We will also give the data frame more manageable column na
mes[] 
 []


Overfull \hbox (9.79706pt too wide) in paragraph at lines 254--254
[]  \OT1/cmtt/m/n/10 ValidOutcomes <- c("heart attack","heart failure","pneumon
ia")[] 
 []


Overfull \hbox (15.04701pt too wide) in paragraph at lines 254--254
[]   \OT1/cmtt/m/n/10 InputtedOutcome=c("heart attack","heart failure","pneumon
ia"),[] 
 []


Overfull \hbox (15.04701pt too wide) in paragraph at lines 254--254
[]\OT1/cmtt/m/n/10 VarCol <- outcome.df[outcome.df$InputtedOutcome==outcome,]$U
seCol[] 
 []

[5]
Underfull \vbox (badness 10000) detected at line 255
 []


Underfull \vbox (badness 10000) detected at line 255
 []

[6] [7]
("C:\Users\Kevin\Documents\GitHub\DSS\DSS2\CfDA2013\CfDAWeek 3 Programming rank
all.aux") ) 
Here is how much of TeX's memory you used:
 291 strings out of 493921
 3818 string characters out of 3148886
 60031 words of memory out of 3000000
 3656 multiletter control sequences out of 15000+200000
 6031 words of font info for 22 fonts, out of 3000000 for 9000
 841 hyphenation exceptions out of 8191
 23i,6n,19p,313b,192s stack positions out of 5000i,500n,10000p,200000b,50000s
<C:/Program Files/Miktek/fonts/type1/public/amsfonts/cm/cmbx10.pfb><
C:/Program Files/Miktek/fonts/type1/public/amsfonts/cm/cmbx12.pfb><C:/Program F
iles/Miktek/fonts/type1/public/amsfonts/cm/cmbxti10.pfb><C:/Program Files/Mikte
k/fonts/type1/public/amsfonts/cm/cmr10.pfb><C:/Program Files/Miktek/fonts/type1
/public/amsfonts/cm/cmsy10.pfb><C:/Program Files/Miktek/fonts/type1/public/amsf
onts/cm/cmtt10.pfb>
Output written on "CfDAWeek 3 Programming rankall.pdf" (7 pages, 99929 bytes).
PDF statistics:
 50 PDF objects out of 1000 (max. 8388607)
 0 named destinations out of 1000 (max. 500000)
 1 words of extra memory for PDF output out of 10000 (max. 10000000)

