This is pdfTeX, Version 3.1415926-1.40.9 (MiKTeX 2.7) (preloaded format=pdflatex 2010.4.3)  14 OCT 2013 14:46
entering extended mode
**CfDAWeek*4*Programming*1.tex
("CfDAWeek 4 Programming 1.tex"
LaTeX2e <2005/12/01>
Babel <v3.8l> and hyphenation patterns for english, dumylang, nohyphenation, ge
rman, ngerman, german-x-2008-06-18, ngerman-x-2008-06-18, french, loaded.
("C:\Program Files\MiKTeX 2.7\tex\latex\base\article.cls"
Document Class: article 2005/09/16 v1.4f Standard LaTeX document class
("C:\Program Files\MiKTeX 2.7\tex\latex\base\size10.clo"
File: size10.clo 2005/09/16 v1.4f Standard LaTeX file (size option)
)
\c@part=\count79
\c@section=\count80
\c@subsection=\count81
\c@subsubsection=\count82
\c@paragraph=\count83
\c@subparagraph=\count84
\c@figure=\count85
\c@table=\count86
\abovecaptionskip=\skip41
\belowcaptionskip=\skip42
\bibindent=\dimen102
)
("C:\Program Files\MiKTeX 2.7\tex\latex\ltxmisc\framed.sty"
Package: framed 2007/10/04 v 0.95: framed or shaded text with page breaks
\fb@frw=\dimen103
\fb@frh=\dimen104
\FrameRule=\dimen105
\FrameSep=\dimen106
)
("CfDAWeek 4 Programming 1.aux")
LaTeX Font Info:    Checking defaults for OML/cmm/m/it on input line 11.
LaTeX Font Info:    ... okay on input line 11.
LaTeX Font Info:    Checking defaults for T1/cmr/m/n on input line 11.
LaTeX Font Info:    ... okay on input line 11.
LaTeX Font Info:    Checking defaults for OT1/cmr/m/n on input line 11.
LaTeX Font Info:    ... okay on input line 11.
LaTeX Font Info:    Checking defaults for OMS/cmsy/m/n on input line 11.
LaTeX Font Info:    ... okay on input line 11.
LaTeX Font Info:    Checking defaults for OMX/cmex/m/n on input line 11.
LaTeX Font Info:    ... okay on input line 11.
LaTeX Font Info:    Checking defaults for U/cmr/m/n on input line 11.
LaTeX Font Info:    ... okay on input line 11.
LaTeX Font Info:    External font `cmex10' loaded for size
(Font)              <12> on input line 13.
LaTeX Font Info:    External font `cmex10' loaded for size
(Font)              <8> on input line 13.
LaTeX Font Info:    External font `cmex10' loaded for size
(Font)              <6> on input line 13.


LaTeX Warning: No \author given.

LaTeX Font Info:    Try loading font information for OMS+cmr on input line 34.
("C:\Program Files\MiKTeX 2.7\tex\latex\base\omscmr.fd"
File: omscmr.fd 1999/05/25 v2.5h Standard LaTeX font definitions
)
LaTeX Font Info:    Font shape `OMS/cmr/m/n' in size <10> not available
(Font)              Font shape `OMS/cmsy/m/n' tried instead on input line 34.
 [1

{C:/Documents and Settings/All Users/Application Data/MiKTeX/2.7/pdftex/config/
pdftex.map}]
("CfDAWeek 4 Programming 1.aux") ) 
Here is how much of TeX's memory you used:
 282 strings out of 95304
 3138 string characters out of 1183033
 49625 words of memory out of 1500000
 3551 multiletter control sequences out of 110000
 7587 words of font info for 27 fonts, out of 3000000 for 5000
 14 hyphenation exceptions out of 8191
 23i,6n,19p,195b,193s stack positions out of 5000i,500n,10000p,200000b,50000s
<C:/Program Files/MiKTeX 2.7/fonts/type1/blue
sky/cm/cmbx12.pfb><C:/Program Files/MiKTeX 2.7/fonts/type1/bluesky/cm/cmr10.pfb
><C:/Program Files/MiKTeX 2.7/fonts/type1/bluesky/cm/cmr12.pfb><C:/Program File
s/MiKTeX 2.7/fonts/type1/bluesky/cm/cmr17.pfb><C:/Program Files/MiKTeX 2.7/font
s/type1/bluesky/cm/cmsy10.pfb>
Output written on "CfDAWeek 4 Programming 1.pdf" (1 page, 31863 bytes).
PDF statistics:
 26 PDF objects out of 1000 (max. 8388607)
 0 named destinations out of 1000 (max. 131072)
 1 words of extra memory for PDF output out of 10000 (max. 10000000)

