This is pdfTeX, Version 3.1415926-2.5-1.40.14 (MiKTeX 2.9) (preloaded format=pdflatex 2014.8.26)  8 SEP 2014 23:10
entering extended mode
**DSS3Week1Quiz.tex
(C:\Users\Kevin\Documents\GitHub\DSS\DSS3\DSS3Week1Quiz.tex
LaTeX2e <2011/06/27>
Babel <v3.8m> and hyphenation patterns for english, afrikaans, ancientgreek, ar
abic, armenian, assamese, basque, bengali, bokmal, bulgarian, catalan, coptic, 
croatian, czech, danish, dutch, esperanto, estonian, farsi, finnish, french, ga
lician, german, german-x-2013-05-26, greek, gujarati, hindi, hungarian, iceland
ic, indonesian, interlingua, irish, italian, kannada, kurmanji, latin, latvian,
 lithuanian, malayalam, marathi, mongolian, mongolianlmc, monogreek, ngerman, n
german-x-2013-05-26, nynorsk, oriya, panjabi, pinyin, polish, portuguese, roman
ian, russian, sanskrit, serbian, slovak, slovenian, spanish, swedish, swissgerm
an, tamil, telugu, turkish, turkmen, ukenglish, ukrainian, uppersorbian, usengl
ishmax, welsh, loaded.
("C:\Program Files\Miktek\tex\latex\base\article.cls"
Document Class: article 2007/10/19 v1.4h Standard LaTeX document class
("C:\Program Files\Miktek\tex\latex\base\size10.clo"
File: size10.clo 2007/10/19 v1.4h Standard LaTeX file (size option)
)
\c@part=\count79
\c@section=\count80
\c@subsection=\count81
\c@subsubsection=\count82
\c@paragraph=\count83
\c@subparagraph=\count84
\c@figure=\count85
\c@table=\count86
\abovecaptionskip=\skip41
\belowcaptionskip=\skip42
\bibindent=\dimen102
)
("C:\Program Files\Miktek\tex\latex\framed\framed.sty"
Package: framed 2011/10/22 v 0.96: framed or shaded text with page breaks
\OuterFrameSep=\skip43
\fb@frw=\dimen103
\fb@frh=\dimen104
\FrameRule=\dimen105
\FrameSep=\dimen106
)
("C:\Program Files\Miktek\tex\latex\graphics\graphicx.sty"
Package: graphicx 1999/02/16 v1.0f Enhanced LaTeX Graphics (DPC,SPQR)

("C:\Program Files\Miktek\tex\latex\graphics\keyval.sty"
Package: keyval 1999/03/16 v1.13 key=value parser (DPC)
\KV@toks@=\toks14
)
("C:\Program Files\Miktek\tex\latex\graphics\graphics.sty"
Package: graphics 2009/02/05 v1.0o Standard LaTeX Graphics (DPC,SPQR)

("C:\Program Files\Miktek\tex\latex\graphics\trig.sty"
Package: trig 1999/03/16 v1.09 sin cos tan (DPC)
)
("C:\Program Files\Miktek\tex\latex\00miktex\graphics.cfg"
File: graphics.cfg 2007/01/18 v1.5 graphics configuration of teTeX/TeXLive
)
Package graphics Info: Driver file: pdftex.def on input line 91.

("C:\Program Files\Miktek\tex\latex\pdftex-def\pdftex.def"
File: pdftex.def 2011/05/27 v0.06d Graphics/color for pdfTeX

("C:\Program Files\Miktek\tex\generic\oberdiek\infwarerr.sty"
Package: infwarerr 2010/04/08 v1.3 Providing info/warning/error messages (HO)
)
("C:\Program Files\Miktek\tex\generic\oberdiek\ltxcmds.sty"
Package: ltxcmds 2011/11/09 v1.22 LaTeX kernel commands for general use (HO)
)
\Gread@gobject=\count87
))
\Gin@req@height=\dimen107
\Gin@req@width=\dimen108
)
(C:\Users\Kevin\Documents\GitHub\DSS\DSS3\DSS3Week1Quiz.aux)
LaTeX Font Info:    Checking defaults for OML/cmm/m/it on input line 4.
LaTeX Font Info:    ... okay on input line 4.
LaTeX Font Info:    Checking defaults for T1/cmr/m/n on input line 4.
LaTeX Font Info:    ... okay on input line 4.
LaTeX Font Info:    Checking defaults for OT1/cmr/m/n on input line 4.
LaTeX Font Info:    ... okay on input line 4.
LaTeX Font Info:    Checking defaults for OMS/cmsy/m/n on input line 4.
LaTeX Font Info:    ... okay on input line 4.
LaTeX Font Info:    Checking defaults for OMX/cmex/m/n on input line 4.
LaTeX Font Info:    ... okay on input line 4.
LaTeX Font Info:    Checking defaults for U/cmr/m/n on input line 4.
LaTeX Font Info:    ... okay on input line 4.

("C:\Program Files\Miktek\tex\context\base\supp-pdf.mkii"
[Loading MPS to PDF converter (version 2006.09.02).]
\scratchcounter=\count88
\scratchdimen=\dimen109
\scratchbox=\box26
\nofMPsegments=\count89
\nofMParguments=\count90
\everyMPshowfont=\toks15
\MPscratchCnt=\count91
\MPscratchDim=\dimen110
\MPnumerator=\count92
\makeMPintoPDFobject=\count93
\everyMPtoPDFconversion=\toks16
) [1

{C:/ProgramData/MiKTeX/2.9/pdftex/config/pdftex.map}]
Overfull \hbox (17.24684pt too wide) in paragraph at lines 37--37
[]\OT1/cmtt/m/n/10 https://spark-public.s3.amazonaws.com/dataanalysis/PUMSDataD
ict06.pdf[] 
 []


Overfull \hbox (20.29697pt too wide) in paragraph at lines 68--68
[] \OT1/cmtt/m/n/10 'https://spark-public.s3.amazonaws.com/dataanalysis/ss06hid
.csv',[] 
 []


Overfull \hbox (57.04665pt too wide) in paragraph at lines 68--68
[] \OT1/cmtt/m/n/10 'https://spark-public.s3.amazonaws.com/dataanalysis/PUMSDat
aDict06.pdf',[] 
 []

[2] [3]
LaTeX Font Info:    Try loading font information for OMS+cmr on input line 84.
 ("C:\Program Files\Miktek\tex\latex\base\omscmr.fd"
File: omscmr.fd 1999/05/25 v2.5h Standard LaTeX font definitions
)
LaTeX Font Info:    Font shape `OMS/cmr/m/n' in size <10> not available
(Font)              Font shape `OMS/cmsy/m/n' tried instead on input line 84.
 [4]
Overfull \hbox (38.24666pt too wide) in paragraph at lines 134--134
[]\OT1/cmtt/m/n/10 https://d396qusza40orc.cloudfront.net/getdata%2Fdata%2FDATA.
gov_NGAP.xlsx[] 
 []

[5]
Overfull \hbox (125.29605pt too wide) in paragraph at lines 176--176
[]\OT1/cmtt/m/n/10 fileUrl <- "https://d396qusza40orc.cloudfront.net/getdata%2F
data%2FDATA.gov_NGAP.xlsx"[] 
 []


Overfull \hbox (78.04646pt too wide) in paragraph at lines 176--176
[]\OT1/cmtt/m/n/10 download.file(url=fileUrl, destfile="gov_NGAP.xlsx", mode="w
", method="curl")[] 
 []


Overfull \hbox (219.79523pt too wide) in paragraph at lines 176--176
[]\OT1/cmtt/m/n/10 dat <- read.xlsx(file="gov_NGAP.xlsx",sheetIndex=1,colIndex=
colIndx,startRow=18, endRow=23, header=TRUE)[] 
 []

[6]
Overfull \hbox (22.4968pt too wide) in paragraph at lines 189--189
[]\OT1/cmtt/m/n/10 https://d396qusza40orc.cloudfront.net/getdata%2Fdata%2Fresta
urants.xml[] 
 []

[7]
Overfull \hbox (104.29623pt too wide) in paragraph at lines 243--243
[]\OT1/cmtt/m/n/10 fileUrl <- "http://d396qusza40orc.cloudfront.net/getdata%2Fd
ata%2Frestaurants.xml"[] 
 []

[8]
Underfull \hbox (badness 10000) in paragraph at lines 250--253

 []


Overfull \hbox (1.49698pt too wide) in paragraph at lines 256--256
[]\OT1/cmtt/m/n/10 https://d396qusza40orc.cloudfront.net/getdata%2Fdata%2Fss06p
id.csv[] 
 []

LaTeX Font Info:    External font `cmex10' loaded for size
(Font)              <7> on input line 260.
LaTeX Font Info:    External font `cmex10' loaded for size
(Font)              <5> on input line 260.

Overfull \hbox (0.62053pt too wide) in paragraph at lines 266--267
[]\OT1/cmr/m/n/10 mean(DT[DT$\OML/cmm/m/it/10 SEX \OT1/cmr/m/n/10 == 1\OML/cmm/
m/it/10 ; \OT1/cmr/m/n/10 ]$pwgtp15); mean(DT[DT$\OML/cmm/m/it/10 SEX \OT1/cmr/
m/n/10 == 2\OML/cmm/m/it/10 ; \OT1/cmr/m/n/10 ]$pwgtp15) 
 []


Overfull \hbox (88.54637pt too wide) in paragraph at lines 286--286
[]\OT1/cmtt/m/n/10 fileUrl <- "https://d396qusza40orc.cloudfront.net/getdata%2F
data%2Fss06pid.csv"[] 
 []


Overfull \hbox (46.54674pt too wide) in paragraph at lines 286--286
[]\OT1/cmtt/m/n/10 download.file(fileUrl, destfile="./data/microdata3.csv", met
hod="curl")[] 
 []

[9] [10]
Overfull \hbox (109.54619pt too wide) in paragraph at lines 344--344
[]\OT1/cmtt/m/n/10 system.time(mean(DT[DT$SEX==1,]$pwgtp15))+system.time(mean(D
T[DT$SEX==2,]$pwgtp15))[] 
 []


Overfull \hbox (51.79669pt too wide) in paragraph at lines 344--344
[]\OT1/cmtt/m/n/10 system.time(rowMeans(DT)[DT$SEX==1])+system.time(rowMeans(DT
)[DT$SEX==2][] 
 []

[11] [12] [13] [14]
Overfull \hbox (15.04701pt too wide) in paragraph at lines 499--499
[]\OT1/cmtt/m/n/10 'https://spark-public.s3.amazonaws.com/dataanalysis/ss06pid.
csv',[] 
 []

[15] (C:\Users\Kevin\Documents\GitHub\DSS\DSS3\DSS3Week1Quiz.aux) ) 
Here is how much of TeX's memory you used:
 1185 strings out of 493921
 15598 string characters out of 3148886
 68364 words of memory out of 3000000
 4519 multiletter control sequences out of 15000+200000
 6031 words of font info for 22 fonts, out of 3000000 for 9000
 841 hyphenation exceptions out of 8191
 27i,6n,19p,264b,172s stack positions out of 5000i,500n,10000p,200000b,50000s
<C:/Program 
Files/Miktek/fonts/type1/public/amsfonts/cm/cmbx10.pfb><C:/Program Files/Miktek
/fonts/type1/public/amsfonts/cm/cmbx12.pfb><C:/Program Files/Miktek/fonts/type1
/public/amsfonts/cm/cmbxti10.pfb><C:/Program Files/Miktek/fonts/type1/public/am
sfonts/cm/cmmi10.pfb><C:/Program Files/Miktek/fonts/type1/public/amsfonts/cm/cm
r10.pfb><C:/Program Files/Miktek/fonts/type1/public/amsfonts/cm/cmsy10.pfb><C:/
Program Files/Miktek/fonts/type1/public/amsfonts/cm/cmti10.pfb><C:/Program File
s/Miktek/fonts/type1/public/amsfonts/cm/cmtt10.pfb>
Output written on DSS3Week1Quiz.pdf (15 pages, 131560 bytes).
PDF statistics:
 83 PDF objects out of 1000 (max. 8388607)
 0 named destinations out of 1000 (max. 500000)
 1 words of extra memory for PDF output out of 10000 (max. 10000000)

