This is pdfTeX, Version 3.1415926-2.5-1.40.14 (MiKTeX 2.9) (preloaded format=pdflatex 2014.8.26)  8 SEP 2014 23:38
entering extended mode
**DSS2Week2Quiz.tex
(C:\Users\Kevin\Documents\GitHub\DSS\DSS2\DSS2Week2Quiz.tex
LaTeX2e <2011/06/27>
Babel <v3.8m> and hyphenation patterns for english, afrikaans, ancientgreek, ar
abic, armenian, assamese, basque, bengali, bokmal, bulgarian, catalan, coptic, 
croatian, czech, danish, dutch, esperanto, estonian, farsi, finnish, french, ga
lician, german, german-x-2013-05-26, greek, gujarati, hindi, hungarian, iceland
ic, indonesian, interlingua, irish, italian, kannada, kurmanji, latin, latvian,
 lithuanian, malayalam, marathi, mongolian, mongolianlmc, monogreek, ngerman, n
german-x-2013-05-26, nynorsk, oriya, panjabi, pinyin, polish, portuguese, roman
ian, russian, sanskrit, serbian, slovak, slovenian, spanish, swedish, swissgerm
an, tamil, telugu, turkish, turkmen, ukenglish, ukrainian, uppersorbian, usengl
ishmax, welsh, loaded.
("C:\Program Files\Miktek\tex\latex\base\article.cls"
Document Class: article 2007/10/19 v1.4h Standard LaTeX document class
("C:\Program Files\Miktek\tex\latex\base\size12.clo"
File: size12.clo 2007/10/19 v1.4h Standard LaTeX file (size option)
)
\c@part=\count79
\c@section=\count80
\c@subsection=\count81
\c@subsubsection=\count82
\c@paragraph=\count83
\c@subparagraph=\count84
\c@figure=\count85
\c@table=\count86
\abovecaptionskip=\skip41
\belowcaptionskip=\skip42
\bibindent=\dimen102
)
("C:\Program Files\Miktek\tex\latex\framed\framed.sty"
Package: framed 2011/10/22 v 0.96: framed or shaded text with page breaks
\OuterFrameSep=\skip43
\fb@frw=\dimen103
\fb@frh=\dimen104
\FrameRule=\dimen105
\FrameSep=\dimen106
)
(C:\Users\Kevin\Documents\GitHub\DSS\DSS2\DSS2Week2Quiz.aux)
LaTeX Font Info:    Checking defaults for OML/cmm/m/it on input line 10.
LaTeX Font Info:    ... okay on input line 10.
LaTeX Font Info:    Checking defaults for T1/cmr/m/n on input line 10.
LaTeX Font Info:    ... okay on input line 10.
LaTeX Font Info:    Checking defaults for OT1/cmr/m/n on input line 10.
LaTeX Font Info:    ... okay on input line 10.
LaTeX Font Info:    Checking defaults for OMS/cmsy/m/n on input line 10.
LaTeX Font Info:    ... okay on input line 10.
LaTeX Font Info:    Checking defaults for OMX/cmex/m/n on input line 10.
LaTeX Font Info:    ... okay on input line 10.
LaTeX Font Info:    Checking defaults for U/cmr/m/n on input line 10.
LaTeX Font Info:    ... okay on input line 10.

(C:\Users\Kevin\Documents\GitHub\DSS\DSS2\DSS2Week2Quiz.toc)
\tf@toc=\write3
 [1

{C:/ProgramData/MiKTeX/2.9/pdftex/config/pdftex.map}] [2]
LaTeX Font Info:    External font `cmex10' loaded for size
(Font)              <24.88> on input line 20.
LaTeX Font Info:    External font `cmex10' loaded for size
(Font)              <20.74> on input line 20.
LaTeX Font Info:    External font `cmex10' loaded for size
(Font)              <17.28> on input line 20.
 [3]
Underfull \hbox (badness 10000) in paragraph at lines 38--42

 []

LaTeX Font Info:    Try loading font information for OMS+cmr on input line 51.
("C:\Program Files\Miktek\tex\latex\base\omscmr.fd"
File: omscmr.fd 1999/05/25 v2.5h Standard LaTeX font definitions
)
LaTeX Font Info:    Font shape `OMS/cmr/m/n' in size <14.4> not available
(Font)              Font shape `OMS/cmsy/m/n' tried instead on input line 51.
 [4] [5]
Underfull \hbox (badness 10000) in paragraph at lines 85--86

 []


Underfull \hbox (badness 10000) in paragraph at lines 85--86

 []

[6] [7]
LaTeX Font Info:    Font shape `OT1/cmtt/bx/n' in size <14.4> not available
(Font)              Font shape `OT1/cmtt/m/n' tried instead on input line 112.
 [8]
Overfull \hbox (17.54936pt too wide) in paragraph at lines 139--139
[]\OT1/cmtt/m/n/14.4 aggregate(variable, by=list(group1,group2,..),function)[] 

 []

[9] [10]
Overfull \hbox (2.46413pt too wide) in paragraph at lines 200--201
[]\OT1/cmtt/m/n/14.4 (Please only enter the numeric result and nothing
 []

[11]
Overfull \hbox (3.50952pt too wide) in paragraph at lines 206--207
[]\OT1/cmr/m/n/14.4 A sec-ond ap-proach is to cre-ate a sub-set (let's call it 
\OT1/cmr/bx/it/14.4 iris.vir\OT1/cmr/m/n/14.4 )
 []


Overfull \hbox (6.44414pt too wide) in paragraph at lines 213--213
 []\OT1/cmtt/m/n/14.4 iris.vir=subset(iris,iris$Species=="virginica")[] 
 []

[12]
LaTeX Font Info:    Font shape `OT1/cmtt/bx/n' in size <12> not available
(Font)              Font shape `OT1/cmtt/m/n' tried instead on input line 240.
 [13] [14]
Missing character: There is no ‚ in font cmr12!
Missing character: There is no Ä in font cmr12!
Missing character: There is no ú in font cmr12!
Missing character: There is no ‚ in font cmr12!
Missing character: There is no Ä in font cmr12!
Missing character: There is no ù in font cmr12!
Missing character: There is no ‚ in font cmr12!
Missing character: There is no Ä in font cmr12!
Missing character: There is no ì in font cmr12!
Missing character: There is no ‚ in font cmr12!
Missing character: There is no Ä in font cmr12!
Missing character: There is no ú in font cmr12!
Missing character: There is no ‚ in font cmr12!
Missing character: There is no Ä in font cmr12!
Missing character: There is no ù in font cmr12!
 [15] [16] [17] [18] [19] [20] [21] [22]
Overfull \hbox (3.97769pt too wide) in paragraph at lines 417--419
\OT1/cmr/m/n/14.4 This is an-other ques-tion where the \OT1/cmtt/m/n/14.4 aggre
gate() \OT1/cmr/m/n/14.4 com-mand comes
 []

[23]
Underfull \hbox (badness 10000) in paragraph at lines 440--441

 []

[24] [25] [26] (C:\Users\Kevin\Documents\GitHub\DSS\DSS2\DSS2Week2Quiz.aux) ) 
Here is how much of TeX's memory you used:
 311 strings out of 493921
 4000 string characters out of 3148886
 52031 words of memory out of 3000000
 3672 multiletter control sequences out of 15000+200000
 9200 words of font info for 33 fonts, out of 3000000 for 9000
 841 hyphenation exceptions out of 8191
 22i,6n,19p,311b,223s stack positions out of 5000i,500n,10000p,200000b,50000s
<C
:/Program Files/Miktek/fonts/type1/public/amsfonts/cm/cmbx12.pfb><C:/Program Fi
les/Miktek/fonts/type1/public/amsfonts/cm/cmbxti10.pfb><C:/Program Files/Miktek
/fonts/type1/public/amsfonts/cm/cmr12.pfb><C:/Program Files/Miktek/fonts/type1/
public/amsfonts/cm/cmr17.pfb><C:/Program Files/Miktek/fonts/type1/public/amsfon
ts/cm/cmsy10.pfb><C:/Program Files/Miktek/fonts/type1/public/amsfonts/cm/cmtt12
.pfb>
Output written on DSS2Week2Quiz.pdf (26 pages, 106197 bytes).
PDF statistics:
 110 PDF objects out of 1000 (max. 8388607)
 0 named destinations out of 1000 (max. 500000)
 1 words of extra memory for PDF output out of 10000 (max. 10000000)

