This is pdfTeX, Version 3.1415926-2.5-1.40.14 (MiKTeX 2.9) (preloaded format=pdflatex 2014.8.26)  8 SEP 2014 23:38
entering extended mode
**DSS2Week3Quiz.tex
(C:\Users\Kevin\Documents\GitHub\DSS\DSS2\DSS2Week3Quiz.tex
LaTeX2e <2011/06/27>
Babel <v3.8m> and hyphenation patterns for english, afrikaans, ancientgreek, ar
abic, armenian, assamese, basque, bengali, bokmal, bulgarian, catalan, coptic, 
croatian, czech, danish, dutch, esperanto, estonian, farsi, finnish, french, ga
lician, german, german-x-2013-05-26, greek, gujarati, hindi, hungarian, iceland
ic, indonesian, interlingua, irish, italian, kannada, kurmanji, latin, latvian,
 lithuanian, malayalam, marathi, mongolian, mongolianlmc, monogreek, ngerman, n
german-x-2013-05-26, nynorsk, oriya, panjabi, pinyin, polish, portuguese, roman
ian, russian, sanskrit, serbian, slovak, slovenian, spanish, swedish, swissgerm
an, tamil, telugu, turkish, turkmen, ukenglish, ukrainian, uppersorbian, usengl
ishmax, welsh, loaded.
("C:\Program Files\Miktek\tex\latex\base\article.cls"
Document Class: article 2007/10/19 v1.4h Standard LaTeX document class
("C:\Program Files\Miktek\tex\latex\base\size12.clo"
File: size12.clo 2007/10/19 v1.4h Standard LaTeX file (size option)
)
\c@part=\count79
\c@section=\count80
\c@subsection=\count81
\c@subsubsection=\count82
\c@paragraph=\count83
\c@subparagraph=\count84
\c@figure=\count85
\c@table=\count86
\abovecaptionskip=\skip41
\belowcaptionskip=\skip42
\bibindent=\dimen102
)
("C:\Program Files\Miktek\tex\latex\framed\framed.sty"
Package: framed 2011/10/22 v 0.96: framed or shaded text with page breaks
\OuterFrameSep=\skip43
\fb@frw=\dimen103
\fb@frh=\dimen104
\FrameRule=\dimen105
\FrameSep=\dimen106
)
(C:\Users\Kevin\Documents\GitHub\DSS\DSS2\DSS2Week3Quiz.aux)
LaTeX Font Info:    Checking defaults for OML/cmm/m/it on input line 10.
LaTeX Font Info:    ... okay on input line 10.
LaTeX Font Info:    Checking defaults for T1/cmr/m/n on input line 10.
LaTeX Font Info:    ... okay on input line 10.
LaTeX Font Info:    Checking defaults for OT1/cmr/m/n on input line 10.
LaTeX Font Info:    ... okay on input line 10.
LaTeX Font Info:    Checking defaults for OMS/cmsy/m/n on input line 10.
LaTeX Font Info:    ... okay on input line 10.
LaTeX Font Info:    Checking defaults for OMX/cmex/m/n on input line 10.
LaTeX Font Info:    ... okay on input line 10.
LaTeX Font Info:    Checking defaults for U/cmr/m/n on input line 10.
LaTeX Font Info:    ... okay on input line 10.
LaTeX Font Info:    Try loading font information for OMS+cmr on input line 18.

("C:\Program Files\Miktek\tex\latex\base\omscmr.fd"
File: omscmr.fd 1999/05/25 v2.5h Standard LaTeX font definitions
)
LaTeX Font Info:    Font shape `OMS/cmr/m/n' in size <12> not available
(Font)              Font shape `OMS/cmsy/m/n' tried instead on input line 18.
 [1

{C:/ProgramData/MiKTeX/2.9/pdftex/config/pdftex.map}] [2] [3] [4] [5] [6]
(C:\Users\Kevin\Documents\GitHub\DSS\DSS2\DSS2Week3Quiz.aux) ) 
Here is how much of TeX's memory you used:
 288 strings out of 493921
 3559 string characters out of 3148886
 54031 words of memory out of 3000000
 3655 multiletter control sequences out of 15000+200000
 5575 words of font info for 21 fonts, out of 3000000 for 9000
 841 hyphenation exceptions out of 8191
 22i,6n,19p,194b,171s stack positions out of 5000i,500n,10000p,200000b,50000s
<C:/Program Files
/Miktek/fonts/type1/public/amsfonts/cm/cmbx12.pfb><C:/Program Files/Miktek/font
s/type1/public/amsfonts/cm/cmr12.pfb><C:/Program Files/Miktek/fonts/type1/publi
c/amsfonts/cm/cmsy10.pfb><C:/Program Files/Miktek/fonts/type1/public/amsfonts/c
m/cmtt12.pfb>
Output written on DSS2Week3Quiz.pdf (6 pages, 58526 bytes).
PDF statistics:
 37 PDF objects out of 1000 (max. 8388607)
 0 named destinations out of 1000 (max. 500000)
 1 words of extra memory for PDF output out of 10000 (max. 10000000)

