This is pdfTeX, Version 3.1415926-2.4-1.40.13 (MiKTeX 2.9) (preloaded format=pdflatex 2013.12.6)  13 DEC 2013 16:33
entering extended mode
**DAQuiz2.tex

("C:\Documents and Settings\kevin.obrien\My Documents\My Dropbox\Public\Courser
a Data Science\DAQuiz2.tex"
LaTeX2e <2011/06/27>
Babel <v3.8m> and hyphenation patterns for english, afrikaans, ancientgreek, ar
abic, armenian, assamese, basque, bengali, bokmal, bulgarian, catalan, coptic, 
croatian, czech, danish, dutch, esperanto, estonian, farsi, finnish, french, ga
lician, german, german-x-2012-05-30, greek, gujarati, hindi, hungarian, iceland
ic, indonesian, interlingua, irish, italian, kannada, kurmanji, latin, latvian,
 lithuanian, malayalam, marathi, mongolian, mongolianlmc, monogreek, ngerman, n
german-x-2012-05-30, nynorsk, oriya, panjabi, pinyin, polish, portuguese, roman
ian, russian, sanskrit, serbian, slovak, slovenian, spanish, swedish, swissgerm
an, tamil, telugu, turkish, turkmen, ukenglish, ukrainian, uppersorbian, usengl
ishmax, welsh, loaded.
("C:\Program Files\MiKTeX 2.9\tex\latex\base\article.cls"
Document Class: article 2007/10/19 v1.4h Standard LaTeX document class
("C:\Program Files\MiKTeX 2.9\tex\latex\base\size10.clo"
File: size10.clo 2007/10/19 v1.4h Standard LaTeX file (size option)
)
\c@part=\count79
\c@section=\count80
\c@subsection=\count81
\c@subsubsection=\count82
\c@paragraph=\count83
\c@subparagraph=\count84
\c@figure=\count85
\c@table=\count86
\abovecaptionskip=\skip41
\belowcaptionskip=\skip42
\bibindent=\dimen102
)
("C:\Documents and Settings\kevin.obrien\Application Data\MiKTeX\2.9\tex\latex\
framed\framed.sty"
Package: framed 2011/10/22 v 0.96: framed or shaded text with page breaks
\OuterFrameSep=\skip43
\fb@frw=\dimen103
\fb@frh=\dimen104
\FrameRule=\dimen105
\FrameSep=\dimen106
)
("C:\Documents and Settings\kevin.obrien\My Documents\My Dropbox\Public\Courser
a Data Science\DAQuiz2.aux")
LaTeX Font Info:    Checking defaults for OML/cmm/m/it on input line 4.
LaTeX Font Info:    ... okay on input line 4.
LaTeX Font Info:    Checking defaults for T1/cmr/m/n on input line 4.
LaTeX Font Info:    ... okay on input line 4.
LaTeX Font Info:    Checking defaults for OT1/cmr/m/n on input line 4.
LaTeX Font Info:    ... okay on input line 4.
LaTeX Font Info:    Checking defaults for OMS/cmsy/m/n on input line 4.
LaTeX Font Info:    ... okay on input line 4.
LaTeX Font Info:    Checking defaults for OMX/cmex/m/n on input line 4.
LaTeX Font Info:    ... okay on input line 4.
LaTeX Font Info:    Checking defaults for U/cmr/m/n on input line 4.
LaTeX Font Info:    ... okay on input line 4.
 [1

{C:/Documents and Settings/kevin.obrien/Local Settings/Application Data/MiKTeX/
2.9/pdftex/config/pdftex.map}]
LaTeX Font Info:    Try loading font information for OMS+cmr on input line 29.

("C:\Program Files\MiKTeX 2.9\tex\latex\base\omscmr.fd"
File: omscmr.fd 1999/05/25 v2.5h Standard LaTeX font definitions
)
LaTeX Font Info:    Font shape `OMS/cmr/m/n' in size <10> not available
(Font)              Font shape `OMS/cmsy/m/n' tried instead on input line 29.

Overfull \hbox (53.38971pt too wide) in paragraph at lines 29--30
[]\OT1/cmr/m/n/10 Open a con-nec-tion to the old ver-sion of my blog: `http://s
implystatistics.tumblr.com/`, 
 []

[2]
Overfull \hbox (17.24684pt too wide) in paragraph at lines 93--93
[]\OT1/cmtt/m/n/10 https://spark-public.s3.amazonaws.com/dataanalysis/PUMSDataD
ict06.pdf[] 
 []


Overfull \hbox (20.29697pt too wide) in paragraph at lines 124--124
[] \OT1/cmtt/m/n/10 'https://spark-public.s3.amazonaws.com/dataanalysis/ss06hid
.csv',[] 
 []


Overfull \hbox (57.04665pt too wide) in paragraph at lines 124--124
[] \OT1/cmtt/m/n/10 'https://spark-public.s3.amazonaws.com/dataanalysis/PUMSDat
aDict06.pdf',[] 
 []

[3] [4] [5] [6] [7] [8] [9] [10]
Overfull \hbox (15.04701pt too wide) in paragraph at lines 363--363
[]\OT1/cmtt/m/n/10 'https://spark-public.s3.amazonaws.com/dataanalysis/ss06pid.
csv',[] 
 []

[11]
("C:\Documents and Settings\kevin.obrien\My Documents\My Dropbox\Public\Courser
a Data Science\DAQuiz2.aux") ) 
Here is how much of TeX's memory you used:
 293 strings out of 493921
 4058 string characters out of 3147207
 53031 words of memory out of 3000000
 3657 multiletter control sequences out of 15000+200000
 6199 words of font info for 23 fonts, out of 3000000 for 9000
 841 hyphenation exceptions out of 8191
 23i,6n,19p,214b,172s stack positions out of 5000i,500n,10000p,200000b,50000s
<C:/Program Files/MiKTeX 2.9/fonts/type1/public/a
msfonts/cm/cmbx10.pfb><C:/Program Files/MiKTeX 2.9/fonts/type1/public/amsfonts/
cm/cmbx12.pfb><C:/Program Files/MiKTeX 2.9/fonts/type1/public/amsfonts/cm/cmbxt
i10.pfb><C:/Program Files/MiKTeX 2.9/fonts/type1/public/amsfonts/cm/cmitt10.pfb
><C:/Program Files/MiKTeX 2.9/fonts/type1/public/amsfonts/cm/cmr10.pfb><C:/Prog
ram Files/MiKTeX 2.9/fonts/type1/public/amsfonts/cm/cmsy10.pfb><C:/Program File
s/MiKTeX 2.9/fonts/type1/public/amsfonts/cm/cmti10.pfb><C:/Program Files/MiKTeX
 2.9/fonts/type1/public/amsfonts/cm/cmtt10.pfb>
Output written on DAQuiz2.pdf (11 pages, 117995 bytes).
PDF statistics:
 70 PDF objects out of 1000 (max. 8388607)
 0 named destinations out of 1000 (max. 500000)
 1 words of extra memory for PDF output out of 10000 (max. 10000000)

