This is pdfTeX, Version 3.1415926-2.5-1.40.14 (MiKTeX 2.9) (preloaded format=pdflatex 2014.8.26)  4 SEP 2014 13:24
entering extended mode
**C:/Users/Kevin/Documents/GitHub/DSS/DSS3/Wk1/DSS3Quiz1.tex
(C:/Users/Kevin/Documents/GitHub/DSS/DSS3/Wk1/DSS3Quiz1.tex
LaTeX2e <2011/06/27>
Babel <v3.8m> and hyphenation patterns for english, afrikaans, ancientgreek, ar
abic, armenian, assamese, basque, bengali, bokmal, bulgarian, catalan, coptic, 
croatian, czech, danish, dutch, esperanto, estonian, farsi, finnish, french, ga
lician, german, german-x-2013-05-26, greek, gujarati, hindi, hungarian, iceland
ic, indonesian, interlingua, irish, italian, kannada, kurmanji, latin, latvian,
 lithuanian, malayalam, marathi, mongolian, mongolianlmc, monogreek, ngerman, n
german-x-2013-05-26, nynorsk, oriya, panjabi, pinyin, polish, portuguese, roman
ian, russian, sanskrit, serbian, slovak, slovenian, spanish, swedish, swissgerm
an, tamil, telugu, turkish, turkmen, ukenglish, ukrainian, uppersorbian, usengl
ishmax, welsh, loaded.
("C:\Program Files\Miktek\tex\latex\base\article.cls"
Document Class: article 2007/10/19 v1.4h Standard LaTeX document class
("C:\Program Files\Miktek\tex\latex\base\size10.clo"
File: size10.clo 2007/10/19 v1.4h Standard LaTeX file (size option)
)
\c@part=\count79
\c@section=\count80
\c@subsection=\count81
\c@subsubsection=\count82
\c@paragraph=\count83
\c@subparagraph=\count84
\c@figure=\count85
\c@table=\count86
\abovecaptionskip=\skip41
\belowcaptionskip=\skip42
\bibindent=\dimen102
)
("C:\Program Files\Miktek\tex\latex\framed\framed.sty"
Package: framed 2011/10/22 v 0.96: framed or shaded text with page breaks
\OuterFrameSep=\skip43
\fb@frw=\dimen103
\fb@frh=\dimen104
\FrameRule=\dimen105
\FrameSep=\dimen106
)
(C:\Users\Kevin\Documents\GitHub\DSS\DSS3\Wk1\DSS3Quiz1.aux)
LaTeX Font Info:    Checking defaults for OML/cmm/m/it on input line 4.
LaTeX Font Info:    ... okay on input line 4.
LaTeX Font Info:    Checking defaults for T1/cmr/m/n on input line 4.
LaTeX Font Info:    ... okay on input line 4.
LaTeX Font Info:    Checking defaults for OT1/cmr/m/n on input line 4.
LaTeX Font Info:    ... okay on input line 4.
LaTeX Font Info:    Checking defaults for OMS/cmsy/m/n on input line 4.
LaTeX Font Info:    ... okay on input line 4.
LaTeX Font Info:    Checking defaults for OMX/cmex/m/n on input line 4.
LaTeX Font Info:    ... okay on input line 4.
LaTeX Font Info:    Checking defaults for U/cmr/m/n on input line 4.
LaTeX Font Info:    ... okay on input line 4.
 [1

{C:/ProgramData/MiKTeX/2.9/pdftex/config/pdftex.map}]
Overfull \hbox (17.24684pt too wide) in paragraph at lines 41--41
[]\OT1/cmtt/m/n/10 https://spark-public.s3.amazonaws.com/dataanalysis/PUMSDataD
ict06.pdf[] 
 []


Overfull \hbox (20.29697pt too wide) in paragraph at lines 72--72
[] \OT1/cmtt/m/n/10 'https://spark-public.s3.amazonaws.com/dataanalysis/ss06hid
.csv',[] 
 []


Overfull \hbox (57.04665pt too wide) in paragraph at lines 72--72
[] \OT1/cmtt/m/n/10 'https://spark-public.s3.amazonaws.com/dataanalysis/PUMSDat
aDict06.pdf',[] 
 []

[2] [3]
LaTeX Font Info:    Try loading font information for OMS+cmr on input line 88.
 ("C:\Program Files\Miktek\tex\latex\base\omscmr.fd"
File: omscmr.fd 1999/05/25 v2.5h Standard LaTeX font definitions
)
LaTeX Font Info:    Font shape `OMS/cmr/m/n' in size <10> not available
(Font)              Font shape `OMS/cmsy/m/n' tried instead on input line 88.
 [4] [5] [6]
[7]
Overfull \hbox (38.24666pt too wide) in paragraph at lines 253--253
[]\OT1/cmtt/m/n/10 https://d396qusza40orc.cloudfront.net/getdata%2Fdata%2FDATA.
gov_NGAP.xlsx[] 
 []


Overfull \hbox (6.69215pt too wide) in paragraph at lines 263--264
[]\OT1/cmr/m/it/10 (original data source: http://catalog.data.gov/dataset/natur
al-gas-acquisition-
 []

[8]
Overfull \hbox (22.4968pt too wide) in paragraph at lines 286--286
[]\OT1/cmtt/m/n/10 https://d396qusza40orc.cloudfront.net/getdata%2Fdata%2Fresta
urants.xml[] 
 []

[9]
Overfull \hbox (1.49698pt too wide) in paragraph at lines 308--308
[]\OT1/cmtt/m/n/10 https://d396qusza40orc.cloudfront.net/getdata%2Fdata%2Fss06p
id.csv[] 
 []

LaTeX Font Info:    External font `cmex10' loaded for size
(Font)              <7> on input line 312.
LaTeX Font Info:    External font `cmex10' loaded for size
(Font)              <5> on input line 312.

Overfull \hbox (0.62053pt too wide) in paragraph at lines 318--319
[]\OT1/cmr/m/n/10 mean(DT[DT$\OML/cmm/m/it/10 SEX \OT1/cmr/m/n/10 == 1\OML/cmm/
m/it/10 ; \OT1/cmr/m/n/10 ]$pwgtp15); mean(DT[DT$\OML/cmm/m/it/10 SEX \OT1/cmr/
m/n/10 == 2\OML/cmm/m/it/10 ; \OT1/cmr/m/n/10 ]$pwgtp15) 
 []

[10]
Overfull \hbox (15.04701pt too wide) in paragraph at lines 366--366
[]\OT1/cmtt/m/n/10 'https://spark-public.s3.amazonaws.com/dataanalysis/ss06pid.
csv',[] 
 []

[11] (C:\Users\Kevin\Documents\GitHub\DSS\DSS3\Wk1\DSS3Quiz1.aux) ) 
Here is how much of TeX's memory you used:
 293 strings out of 493921
 3601 string characters out of 3148886
 53031 words of memory out of 3000000
 3658 multiletter control sequences out of 15000+200000
 6031 words of font info for 22 fonts, out of 3000000 for 9000
 841 hyphenation exceptions out of 8191
 23i,6n,19p,272b,172s stack positions out of 5000i,500n,10000p,200000b,50000s
<C:/Program 
Files/Miktek/fonts/type1/public/amsfonts/cm/cmbx10.pfb><C:/Program Files/Miktek
/fonts/type1/public/amsfonts/cm/cmbx12.pfb><C:/Program Files/Miktek/fonts/type1
/public/amsfonts/cm/cmbxti10.pfb><C:/Program Files/Miktek/fonts/type1/public/am
sfonts/cm/cmmi10.pfb><C:/Program Files/Miktek/fonts/type1/public/amsfonts/cm/cm
r10.pfb><C:/Program Files/Miktek/fonts/type1/public/amsfonts/cm/cmsy10.pfb><C:/
Program Files/Miktek/fonts/type1/public/amsfonts/cm/cmti10.pfb><C:/Program File
s/Miktek/fonts/type1/public/amsfonts/cm/cmtt10.pfb>
Output written on DSS3Quiz1.pdf (11 pages, 127097 bytes).
PDF statistics:
 70 PDF objects out of 1000 (max. 8388607)
 0 named destinations out of 1000 (max. 500000)
 1 words of extra memory for PDF output out of 10000 (max. 10000000)

