This is pdfTeX, Version 3.1415926-2.5-1.40.14 (MiKTeX 2.9) (preloaded format=pdflatex 2014.8.26)  30 AUG 2014 21:40
entering extended mode
**Markdown*CheatSheet.tex
("C:\Users\Kevin\OneDrive\Documents\New folder\Markdown CheatSheet.tex"
LaTeX2e <2011/06/27>
Babel <v3.8m> and hyphenation patterns for english, afrikaans, ancientgreek, ar
abic, armenian, assamese, basque, bengali, bokmal, bulgarian, catalan, coptic, 
croatian, czech, danish, dutch, esperanto, estonian, farsi, finnish, french, ga
lician, german, german-x-2013-05-26, greek, gujarati, hindi, hungarian, iceland
ic, indonesian, interlingua, irish, italian, kannada, kurmanji, latin, latvian,
 lithuanian, malayalam, marathi, mongolian, mongolianlmc, monogreek, ngerman, n
german-x-2013-05-26, nynorsk, oriya, panjabi, pinyin, polish, portuguese, roman
ian, russian, sanskrit, serbian, slovak, slovenian, spanish, swedish, swissgerm
an, tamil, telugu, turkish, turkmen, ukenglish, ukrainian, uppersorbian, usengl
ishmax, welsh, loaded.
("C:\Program Files\Miktek\tex\latex\base\article.cls"
Document Class: article 2007/10/19 v1.4h Standard LaTeX document class
("C:\Program Files\Miktek\tex\latex\base\size10.clo"
File: size10.clo 2007/10/19 v1.4h Standard LaTeX file (size option)
)
\c@part=\count79
\c@section=\count80
\c@subsection=\count81
\c@subsubsection=\count82
\c@paragraph=\count83
\c@subparagraph=\count84
\c@figure=\count85
\c@table=\count86
\abovecaptionskip=\skip41
\belowcaptionskip=\skip42
\bibindent=\dimen102
)
("C:\Users\Kevin\OneDrive\Documents\New folder\Markdown CheatSheet.aux")
LaTeX Font Info:    Checking defaults for OML/cmm/m/it on input line 6.
LaTeX Font Info:    ... okay on input line 6.
LaTeX Font Info:    Checking defaults for T1/cmr/m/n on input line 6.
LaTeX Font Info:    ... okay on input line 6.
LaTeX Font Info:    Checking defaults for OT1/cmr/m/n on input line 6.
LaTeX Font Info:    ... okay on input line 6.
LaTeX Font Info:    Checking defaults for OMS/cmsy/m/n on input line 6.
LaTeX Font Info:    ... okay on input line 6.
LaTeX Font Info:    Checking defaults for OMX/cmex/m/n on input line 6.
LaTeX Font Info:    ... okay on input line 6.
LaTeX Font Info:    Checking defaults for U/cmr/m/n on input line 6.
LaTeX Font Info:    ... okay on input line 6.

Overfull \hbox (101.24611pt too wide) in paragraph at lines 98--98
[]\OT1/cmtt/m/n/10 This is a paragraph, which is text surrounded by whitespace.
 Paragraphs can be on one[] 
 []


Overfull \hbox (64.49643pt too wide) in paragraph at lines 98--98
[]\OT1/cmtt/m/n/10 Here is a Markdown link to [Warped](http://warpedvisions.org
), and a literal .[] 
 []


Overfull \hbox (48.74657pt too wide) in paragraph at lines 98--98
[]\OT1/cmtt/m/n/10 Now some SimpleLinks, like one to [google] (automagically li
nks to are-you-[] 
 []


Overfull \hbox (22.4968pt too wide) in paragraph at lines 98--98
[]\OT1/cmtt/m/n/10 feeling-lucky), a [wiki: test] link to a Wikipedia page, and
 a link to[] 
 []


Overfull \hbox (116.99597pt too wide) in paragraph at lines 98--98
[]\OT1/cmtt/m/n/10 Now some inline markup like _italics_,  **bold**, and `code(
)`. Note that underscores in[] 
 []

[1

{C:/ProgramData/MiKTeX/2.9/pdftex/config/pdftex.map}]
Overfull \hbox (101.24611pt too wide) in paragraph at lines 98--98
[]\OT1/cmtt/m/n/10 This is a div wrapping some Markdown plus.  Without the DIV 
attribute, it ignores the[] 
 []

[2] ("C:\Users\Kevin\OneDrive\Documents\New folder\Markdown CheatSheet.aux") ) 
Here is how much of TeX's memory you used:
 205 strings out of 493921
 2536 string characters out of 3148886
 53031 words of memory out of 3000000
 3583 multiletter control sequences out of 15000+200000
 3808 words of font info for 15 fonts, out of 3000000 for 9000
 841 hyphenation exceptions out of 8191
 23i,4n,17p,159b,240s stack positions out of 5000i,500n,10000p,200000b,50000s
<
C:/Program Files/Miktek/fonts/type1/public/amsfonts/cm/cmr10.pfb><C:/Program Fi
les/Miktek/fonts/type1/public/amsfonts/cm/cmtt10.pfb>
Output written on "Markdown CheatSheet.pdf" (2 pages, 32308 bytes).
PDF statistics:
 17 PDF objects out of 1000 (max. 8388607)
 0 named destinations out of 1000 (max. 500000)
 1 words of extra memory for PDF output out of 10000 (max. 10000000)

